<?xml version="1.0" encoding="UTF-8"?>
<!-- Generated by org.testng.reporters.JUnitReportReporter -->
<testsuite hostname="muthugomathis-lambdasele-qro47e9vtsz" failures="0" tests="2" name="com.lambdatest.Testng1" time="47.983" errors="0" timestamp="23 Feb 2022 08:07:12 GMT" skipped="0">
  <testcase classname="com.lambdatest.Testng1" name="scenarioOne" time="20.726"/>
  <testcase classname="com.lambdatest.Testng1" name="scenarioOne" time="27.257"/>
</testsuite> <!-- com.lambdatest.Testng1 -->
